<?xml version="1.0" encoding="UTF-8"?>
<!-- Generated by org.testng.reporters.JUnitReportReporter -->
<testsuite hostname="DESKTOP-35HBDVU" failures="0" tests="2" name="com.app.runner.Runner_Test" time="0.074" errors="0" timestamp="2024-02-18T15:35:07 IST" skipped="0">
  <testcase classname="com.app.runner.Runner_Test" name="runScenario" time="0.003"/>
  <testcase classname="com.app.runner.Runner_Test" name="runScenario" time="0.071"/>
</testsuite> <!-- com.app.runner.Runner_Test -->
